2026-06-29 01:36:49,757 INFO OK rankings: 50 rows
2026-06-29 01:37:31,658 INFO OK elo_overall: 201 rows
2026-06-29 01:37:55,551 INFO OK elo_grass: 109 rows
2026-06-29 01:38:25,740 INFO OK form: 136 rows
2026-06-29 01:38:41,443 INFO OK draw: 64 rows
2026-06-29 02:18:02,396 INFO OK rankings: 50 rows
2026-06-29 09:03:53,875 INFO OK elo_overall: 201 rows
2026-06-29 09:04:18,294 INFO OK elo_grass: 109 rows
2026-06-29 09:04:47,912 INFO OK form: 136 rows
2026-06-29 09:05:02,334 INFO OK draw: 57 rows
2026-06-29 20:03:45,606 INFO OK rankings: 50 rows
2026-06-29 20:04:33,230 INFO OK elo_overall: 201 rows
2026-06-29 20:04:59,305 INFO OK elo_grass: 109 rows
2026-06-29 20:05:30,823 INFO OK form: 136 rows
2026-06-29 20:05:47,160 INFO OK draw: 48 rows
2026-06-29 20:05:47,532 INFO Scraping ranking + form for 128 players...
2026-06-29 20:05:50,246 INFO HTTP Request: GET https://www.tennisexplorer.com/search/?q=Adrian%20Mannarino "HTTP/1.1 200 OK"
2026-06-29 20:05:52,895 INFO HTTP Request: GET https://www.tennisexplorer.com/search/?q=Alex%20Michelsen "HTTP/1.1 200 OK"
2026-06-29 20:05:54,982 INFO HTTP Request: GET https://www.tennisexplorer.com/search/?q=Alexander%20Blockx "HTTP/1.1 200 OK"
2026-06-29 20:05:57,621 INFO HTTP Request: GET https://www.tennisexplorer.com/search/?q=Alexander%20Zverev "HTTP/1.1 200 OK"
2026-06-29 20:06:00,278 INFO HTTP Request: GET https://www.tennisexplorer.com/search/?q=Andrey%20Rublev "HTTP/1.1 200 OK"
2026-06-29 20:06:02,352 INFO HTTP Request: GET https://www.tennisexplorer.com/search/?q=Arthur%20Rinderknech "HTTP/1.1 200 OK"
2026-06-29 20:06:05,087 INFO HTTP Request: GET https://www.tennisexplorer.com/search/?q=Atmane "HTTP/1.1 200 OK"
2026-06-29 20:06:07,837 INFO HTTP Request: GET https://www.tennisexplorer.com/search/?q=Baez "HTTP/1.1 200 OK"
2026-06-29 20:06:10,438 INFO HTTP Request: GET https://www.tennisexplorer.com/search/?q=Bautista-Agut "HTTP/1.1 200 OK"
2026-06-29 20:06:13,246 INFO HTTP Request: GET https://www.tennisexplorer.com/search/?q=Berrettini "HTTP/1.1 200 OK"
2026-06-29 20:06:15,327 INFO HTTP Request: GET https://www.tennisexplorer.com/search/?q=Bonzi "HTTP/1.1 200 OK"
2026-06-29 20:06:18,138 INFO HTTP Request: GET https://www.tennisexplorer.com/search/?q=Boyer "HTTP/1.1 200 OK"
2026-06-29 20:06:21,251 INFO HTTP Request: GET https://www.tennisexplorer.com/search/?q=Brandon%20Nakashima "HTTP/1.1 200 OK"
2026-06-29 20:06:23,326 INFO HTTP Request: GET https://www.tennisexplorer.com/search/?q=Burruchaga "HTTP/1.1 200 OK"
2026-06-29 20:06:25,899 INFO HTTP Request: GET https://www.tennisexplorer.com/search/?q=Carreno-Busta "HTTP/1.1 200 OK"
2026-06-29 20:06:28,004 INFO HTTP Request: GET https://www.tennisexplorer.com/search/?q=Cerundolo "HTTP/1.1 200 OK"
2026-06-29 20:06:30,609 INFO HTTP Request: GET https://www.tennisexplorer.com/search/?q=Cilic "HTTP/1.1 200 OK"
2026-06-29 20:06:32,674 INFO HTTP Request: GET https://www.tennisexplorer.com/search/?q=Corentin%20Moutet "HTTP/1.1 200 OK"
2026-06-29 20:06:35,282 INFO HTTP Request: GET https://www.tennisexplorer.com/search/?q=Daniil%20Medvedev "HTTP/1.1 200 OK"
2026-06-29 20:06:37,349 INFO HTTP Request: GET https://www.tennisexplorer.com/search/?q=Davidovich%20Fokina "HTTP/1.1 200 OK"
2026-06-29 20:06:40,156 INFO HTTP Request: GET https://www.tennisexplorer.com/search/?q=De%20Minaur "HTTP/1.1 200 OK"
2026-06-29 20:06:42,211 INFO HTTP Request: GET https://www.tennisexplorer.com/search/?q=Denis%20Shapovalov "HTTP/1.1 200 OK"
2026-06-29 20:06:45,055 INFO HTTP Request: GET https://www.tennisexplorer.com/search/?q=Dimitrov "HTTP/1.1 200 OK"
2026-06-29 20:06:47,747 INFO HTTP Request: GET https://www.tennisexplorer.com/search/?q=Draper "HTTP/1.1 200 OK"
2026-06-29 20:06:50,649 INFO HTTP Request: GET https://www.tennisexplorer.com/search/?q=Droguet "HTTP/1.1 200 OK"
2026-06-29 20:06:53,271 INFO HTTP Request: GET https://www.tennisexplorer.com/search/?q=Dusan%20Lajovic "HTTP/1.1 200 OK"
2026-06-29 20:07:05,307 INFO HTTP Request: GET https://www.tennisexplorer.com/search/?q=Dzumhur "HTTP/1.1 200 OK"
2026-06-29 20:07:07,336 INFO HTTP Request: GET https://www.tennisexplorer.com/search/?q=Ethan%20Quinn "HTTP/1.1 200 OK"
2026-06-29 20:07:09,391 INFO HTTP Request: GET https://www.tennisexplorer.com/search/?q=Fearnley "HTTP/1.1 200 OK"
2026-06-29 20:07:11,416 INFO HTTP Request: GET https://www.tennisexplorer.com/search/?q=Fery "HTTP/1.1 200 OK"
2026-06-29 20:07:13,475 INFO HTTP Request: GET https://www.tennisexplorer.com/search/?q=Frances%20Tiafoe "HTTP/1.1 200 OK"
2026-06-29 20:07:16,195 INFO HTTP Request: GET https://www.tennisexplorer.com/search/?q=Gaston "HTTP/1.1 200 OK"
2026-06-29 20:07:18,132 INFO HTTP Request: GET https://www.tennisexplorer.com/search/?q=Gaubas "HTTP/1.1 200 OK"
2026-06-29 20:07:20,966 INFO HTTP Request: GET https://www.tennisexplorer.com/search/?q=Giron "HTTP/1.1 200 OK"
2026-06-29 20:07:23,596 INFO HTTP Request: GET https://www.tennisexplorer.com/search/?q=Halys "HTTP/1.1 200 OK"
2026-06-29 20:07:25,635 INFO HTTP Request: GET https://www.tennisexplorer.com/search/?q=Harris "HTTP/1.1 200 OK"
2026-06-29 20:07:28,220 INFO HTTP Request: GET https://www.tennisexplorer.com/search/?q=Hurkacz "HTTP/1.1 200 OK"
2026-06-29 20:07:30,214 INFO HTTP Request: GET https://www.tennisexplorer.com/search/?q=Ignacio%20Buse "HTTP/1.1 200 OK"
2026-06-29 20:07:32,175 INFO HTTP Request: GET https://www.tennisexplorer.com/search/?q=Jacquet "HTTP/1.1 200 OK"
2026-06-29 20:07:34,183 INFO HTTP Request: GET https://www.tennisexplorer.com/search/?q=Jakub%20Mensik "HTTP/1.1 200 OK"
2026-06-29 20:07:36,239 INFO HTTP Request: GET https://www.tennisexplorer.com/search/?q=Jaume%20Munar "HTTP/1.1 200 OK"
2026-06-29 20:07:38,226 INFO HTTP Request: GET https://www.tennisexplorer.com/search/?q=Jiri%20Lehecka "HTTP/1.1 200 OK"
2026-06-29 20:07:40,248 INFO HTTP Request: GET https://www.tennisexplorer.com/search/?q=Joao%20Fonseca "HTTP/1.1 200 OK"
2026-06-29 20:07:42,249 INFO HTTP Request: GET https://www.tennisexplorer.com/search/?q=Kamil%20Majchrzak "HTTP/1.1 200 OK"
2026-06-29 20:07:44,266 INFO HTTP Request: GET https://www.tennisexplorer.com/search/?q=Karen%20Khachanov "HTTP/1.1 200 OK"
2026-06-29 20:07:47,052 INFO HTTP Request: GET https://www.tennisexplorer.com/search/?q=Kopriva "HTTP/1.1 200 OK"
2026-06-29 20:07:49,084 INFO HTTP Request: GET https://www.tennisexplorer.com/search/?q=Kovacevic "HTTP/1.1 200 OK"
2026-06-29 20:07:51,027 INFO HTTP Request: GET https://www.tennisexplorer.com/search/?q=Kwon "HTTP/1.1 200 OK"
2026-06-29 20:07:53,021 INFO HTTP Request: GET https://www.tennisexplorer.com/search/?q=Kypson "HTTP/1.1 200 OK"
2026-06-29 20:07:55,037 INFO HTTP Request: GET https://www.tennisexplorer.com/search/?q=Landaluce "HTTP/1.1 200 OK"
2026-06-29 20:07:57,842 INFO HTTP Request: GET https://www.tennisexplorer.com/search/?q=Llamas%20Ruiz "HTTP/1.1 200 OK"
2026-06-29 20:07:59,837 INFO HTTP Request: GET https://www.tennisexplorer.com/search/?q=Luciano%20Darderi "HTTP/1.1 200 OK"
2026-06-29 20:08:01,820 INFO HTTP Request: GET https://www.tennisexplorer.com/search/?q=Mariano%20Navone "HTTP/1.1 200 OK"
2026-06-29 20:08:04,589 INFO HTTP Request: GET https://www.tennisexplorer.com/search/?q=Matteo%20Arnaldi "HTTP/1.1 200 OK"
2026-06-29 20:08:07,427 INFO HTTP Request: GET https://www.tennisexplorer.com/search/?q=McDonald "HTTP/1.1 200 OK"
2026-06-29 20:08:09,492 INFO HTTP Request: GET https://www.tennisexplorer.com/search/?q=Medjedovic "HTTP/1.1 200 OK"
2026-06-29 20:08:12,508 INFO HTTP Request: GET https://www.tennisexplorer.com/search/?q=Mejia "HTTP/1.1 200 OK"
2026-06-29 20:08:14,580 INFO HTTP Request: GET https://www.tennisexplorer.com/search/?q=Merida%20Aguilar "HTTP/1.1 200 OK"
2026-06-29 20:08:17,296 INFO HTTP Request: GET https://www.tennisexplorer.com/search/?q=Miomir%20Kecmanovic "HTTP/1.1 200 OK"
2026-06-29 20:08:19,375 INFO HTTP Request: GET https://www.tennisexplorer.com/search/?q=Mochizuki "HTTP/1.1 200 OK"
2026-06-29 20:08:22,352 INFO HTTP Request: GET https://www.tennisexplorer.com/search/?q=Molcan "HTTP/1.1 200 OK"
2026-06-29 20:08:25,536 INFO HTTP Request: GET https://www.tennisexplorer.com/search/?q=Mpetshi%20Perricard "HTTP/1.1 200 OK"
2026-06-29 20:08:28,350 INFO HTTP Request: GET https://www.tennisexplorer.com/search/?q=Muller "HTTP/1.1 200 OK"
2026-06-29 20:08:31,314 INFO HTTP Request: GET https://www.tennisexplorer.com/search/?q=Nava "HTTP/1.1 200 OK"
2026-06-29 20:08:33,370 INFO HTTP Request: GET https://www.tennisexplorer.com/search/?q=Novak%20Djokovic "HTTP/1.1 200 OK"
2026-06-29 20:08:35,286 INFO HTTP Request: GET https://www.tennisexplorer.com/search/?q=Nuno%20Borges "HTTP/1.1 200 OK"
2026-06-29 20:08:37,232 INFO HTTP Request: GET https://www.tennisexplorer.com/search/?q=Ofner "HTTP/1.1 200 OK"
2026-06-29 20:08:40,018 INFO HTTP Request: GET https://www.tennisexplorer.com/search/?q=Popyrin "HTTP/1.1 200 OK"
2026-06-29 20:08:41,871 INFO HTTP Request: GET https://www.tennisexplorer.com/search/?q=Prizmic "HTTP/1.1 200 OK"
2026-06-29 20:08:45,038 INFO HTTP Request: GET https://www.tennisexplorer.com/search/?q=Rafael%20Jodar "HTTP/1.1 200 OK"
2026-06-29 20:08:47,891 INFO HTTP Request: GET https://www.tennisexplorer.com/search/?q=Raphael%20Collignon "HTTP/1.1 200 OK"
2026-06-29 20:08:51,061 INFO HTTP Request: GET https://www.tennisexplorer.com/search/?q=Royer "HTTP/1.1 200 OK"
2026-06-29 20:08:53,135 INFO HTTP Request: GET https://www.tennisexplorer.com/search/?q=Safiullin "HTTP/1.1 200 OK"
2026-06-29 20:08:56,041 INFO HTTP Request: GET https://www.tennisexplorer.com/search/?q=Samuel "HTTP/1.1 200 OK"
2026-06-29 20:08:58,787 INFO HTTP Request: GET https://www.tennisexplorer.com/search/?q=Shevchenko "HTTP/1.1 200 OK"
2026-06-29 20:09:01,958 INFO HTTP Request: GET https://www.tennisexplorer.com/search/?q=Shimabukuro "HTTP/1.1 200 OK"
2026-06-29 20:09:04,991 INFO HTTP Request: GET https://www.tennisexplorer.com/search/?q=Sonego "HTTP/1.1 200 OK"
2026-06-29 20:09:07,044 INFO HTTP Request: GET https://www.tennisexplorer.com/search/?q=Struff "HTTP/1.1 200 OK"
2026-06-29 20:09:09,796 INFO HTTP Request: GET https://www.tennisexplorer.com/search/?q=Svajda "HTTP/1.1 200 OK"
2026-06-29 20:09:11,868 INFO HTTP Request: GET https://www.tennisexplorer.com/search/?q=Svrcina "HTTP/1.1 200 OK"
2026-06-29 20:09:13,818 INFO HTTP Request: GET https://www.tennisexplorer.com/search/?q=Sweeny "HTTP/1.1 200 OK"
2026-06-29 20:09:15,674 INFO HTTP Request: GET https://www.tennisexplorer.com/search/?q=Tarvet "HTTP/1.1 200 OK"
2026-06-29 20:09:17,539 INFO HTTP Request: GET https://www.tennisexplorer.com/search/?q=Taylor%20Fritz "HTTP/1.1 200 OK"
2026-06-29 20:09:19,375 INFO HTTP Request: GET https://www.tennisexplorer.com/search/?q=Tirante "HTTP/1.1 200 OK"
2026-06-29 20:09:21,368 INFO HTTP Request: GET https://www.tennisexplorer.com/search/?q=Tomas%20Martin%20Etcheverry "HTTP/1.1 200 OK"
2026-06-29 20:09:23,302 INFO HTTP Request: GET https://www.tennisexplorer.com/search/?q=Tommy%20Paul "HTTP/1.1 200 OK"
2026-06-29 20:09:26,210 INFO HTTP Request: GET https://www.tennisexplorer.com/search/?q=Tsitsipas "HTTP/1.1 200 OK"
2026-06-29 20:09:28,142 INFO HTTP Request: GET https://www.tennisexplorer.com/search/?q=Ugo%20Carabelli "HTTP/1.1 200 OK"
2026-06-29 20:09:31,099 INFO HTTP Request: GET https://www.tennisexplorer.com/search/?q=Vallejo "HTTP/1.1 200 OK"
2026-06-29 20:09:33,017 INFO HTTP Request: GET https://www.tennisexplorer.com/search/?q=Van%20Assche "HTTP/1.1 200 OK"
2026-06-29 20:09:34,979 INFO HTTP Request: GET https://www.tennisexplorer.com/search/?q=Van%20De%20Zandschulp "HTTP/1.1 200 OK"
2026-06-29 20:09:36,889 INFO HTTP Request: GET https://www.tennisexplorer.com/search/?q=Virtanen "HTTP/1.1 200 OK"
2026-06-29 20:09:38,946 INFO HTTP Request: GET https://www.tennisexplorer.com/search/?q=Walton "HTTP/1.1 200 OK"
2026-06-29 20:09:40,814 INFO HTTP Request: GET https://www.tennisexplorer.com/search/?q=Wawrinka "HTTP/1.1 200 OK"
2026-06-29 20:09:42,672 INFO HTTP Request: GET https://www.tennisexplorer.com/search/?q=Wendelken "HTTP/1.1 200 OK"
2026-06-29 20:09:45,574 INFO HTTP Request: GET https://www.tennisexplorer.com/search/?q=Zheng "HTTP/1.1 200 OK"
2026-06-29 20:09:47,550 INFO HTTP Request: GET https://www.tennisexplorer.com/search/?q=Zizou%20Bergs "HTTP/1.1 200 OK"
2026-06-29 20:09:48,209 INFO Ranking + form scrape complete: 0 success, 128 failed
2026-06-29 20:09:48,210 INFO OK ranking_form: 0 rows
2026-06-29 21:00:24,357 INFO OK rankings: 50 rows
2026-06-29 21:01:07,581 INFO OK elo_overall: 201 rows
2026-06-29 21:01:31,850 INFO OK elo_grass: 109 rows
2026-06-29 21:02:01,851 INFO OK form: 136 rows
2026-06-29 21:02:13,985 INFO OK draw: 48 rows
2026-06-29 21:02:14,183 INFO Scraping ranking + form for 128 players...
2026-06-29 21:02:16,703 INFO HTTP Request: GET https://www.tennisexplorer.com/search/?q=Adrian%20Mannarino "HTTP/1.1 200 OK"
2026-06-29 21:02:19,651 INFO HTTP Request: GET https://www.tennisexplorer.com/search/?q=Alejandro%20Tabilo "HTTP/1.1 200 OK"
2026-06-29 21:02:21,564 INFO HTTP Request: GET https://www.tennisexplorer.com/search/?q=Alex%20Michelsen "HTTP/1.1 200 OK"
2026-06-29 21:02:23,463 INFO HTTP Request: GET https://www.tennisexplorer.com/search/?q=Alexander%20Blockx "HTTP/1.1 200 OK"
2026-06-29 21:02:25,359 INFO HTTP Request: GET https://www.tennisexplorer.com/search/?q=Alexander%20Bublik "HTTP/1.1 200 OK"
2026-06-29 21:02:27,219 INFO HTTP Request: GET https://www.tennisexplorer.com/search/?q=Alexander%20Zverev "HTTP/1.1 200 OK"
2026-06-29 21:02:29,284 INFO HTTP Request: GET https://www.tennisexplorer.com/search/?q=Andrey%20Rublev "HTTP/1.1 200 OK"
2026-06-29 21:02:32,139 INFO HTTP Request: GET https://www.tennisexplorer.com/search/?q=Arthur%20Fils "HTTP/1.1 200 OK"
2026-06-29 21:02:35,255 INFO HTTP Request: GET https://www.tennisexplorer.com/search/?q=Arthur%20Rinderknech "HTTP/1.1 200 OK"
2026-06-29 21:02:37,303 INFO HTTP Request: GET https://www.tennisexplorer.com/search/?q=Atmane "HTTP/1.1 200 OK"
2026-06-29 21:02:39,324 INFO HTTP Request: GET https://www.tennisexplorer.com/search/?q=Auger%20Aliassime "HTTP/1.1 200 OK"
2026-06-29 21:02:41,400 INFO HTTP Request: GET https://www.tennisexplorer.com/search/?q=Basing "HTTP/1.1 200 OK"
2026-06-29 21:02:44,062 INFO HTTP Request: GET https://www.tennisexplorer.com/search/?q=Ben%20Shelton "HTTP/1.1 200 OK"
2026-06-29 21:02:47,367 INFO HTTP Request: GET https://www.tennisexplorer.com/search/?q=Berrettini "HTTP/1.1 200 OK"
2026-06-29 21:02:50,268 INFO HTTP Request: GET https://www.tennisexplorer.com/search/?q=Boyer "HTTP/1.1 200 OK"
2026-06-29 21:02:52,099 INFO HTTP Request: GET https://www.tennisexplorer.com/search/?q=Brandon%20Nakashima "HTTP/1.1 200 OK"
2026-06-29 21:02:53,971 INFO HTTP Request: GET https://www.tennisexplorer.com/search/?q=Brooksby "HTTP/1.1 200 OK"
2026-06-29 21:02:56,025 INFO HTTP Request: GET https://www.tennisexplorer.com/search/?q=Cameron%20Norrie "HTTP/1.1 200 OK"
2026-06-29 21:02:57,860 INFO HTTP Request: GET https://www.tennisexplorer.com/search/?q=Carreno-Busta "HTTP/1.1 200 OK"
2026-06-29 21:02:59,676 INFO HTTP Request: GET https://www.tennisexplorer.com/search/?q=Casper%20Ruud "HTTP/1.1 200 OK"
2026-06-29 21:03:01,548 INFO HTTP Request: GET https://www.tennisexplorer.com/search/?q=Cerundolo "HTTP/1.1 200 OK"
2026-06-29 21:03:03,386 INFO HTTP Request: GET https://www.tennisexplorer.com/search/?q=Choinski "HTTP/1.1 200 OK"
2026-06-29 21:03:05,284 INFO HTTP Request: GET https://www.tennisexplorer.com/search/?q=Cilic "HTTP/1.1 200 OK"
2026-06-29 21:03:07,162 INFO HTTP Request: GET https://www.tennisexplorer.com/search/?q=Corentin%20Moutet "HTTP/1.1 200 OK"
2026-06-29 21:03:09,008 INFO HTTP Request: GET https://www.tennisexplorer.com/search/?q=Damm "HTTP/1.1 200 OK"
2026-06-29 21:03:10,997 INFO HTTP Request: GET https://www.tennisexplorer.com/search/?q=Daniil%20Medvedev "HTTP/1.1 200 OK"
2026-06-29 21:03:12,851 INFO HTTP Request: GET https://www.tennisexplorer.com/search/?q=Davidovich%20Fokina "HTTP/1.1 200 OK"
2026-06-29 21:03:16,274 INFO HTTP Request: GET https://www.tennisexplorer.com/search/?q=De%20Jong "HTTP/1.1 200 OK"
2026-06-29 21:03:18,137 INFO HTTP Request: GET https://www.tennisexplorer.com/search/?q=De%20Minaur "HTTP/1.1 200 OK"
2026-06-29 21:03:19,970 INFO HTTP Request: GET https://www.tennisexplorer.com/search/?q=Denis%20Shapovalov "HTTP/1.1 200 OK"
2026-06-29 21:03:22,038 INFO HTTP Request: GET https://www.tennisexplorer.com/search/?q=Diallo "HTTP/1.1 200 OK"
2026-06-29 21:03:24,668 INFO HTTP Request: GET https://www.tennisexplorer.com/search/?q=Draper "HTTP/1.1 200 OK"
2026-06-29 21:03:26,502 INFO HTTP Request: GET https://www.tennisexplorer.com/search/?q=Droguet "HTTP/1.1 200 OK"
2026-06-29 21:03:28,352 INFO HTTP Request: GET https://www.tennisexplorer.com/search/?q=Duckworth "HTTP/1.1 200 OK"
2026-06-29 21:03:30,186 INFO HTTP Request: GET https://www.tennisexplorer.com/search/?q=Dusan%20Lajovic "HTTP/1.1 200 OK"
2026-06-29 21:03:32,023 INFO HTTP Request: GET https://www.tennisexplorer.com/search/?q=Dzumhur "HTTP/1.1 200 OK"
2026-06-29 21:03:34,153 INFO HTTP Request: GET https://www.tennisexplorer.com/search/?q=Ethan%20Quinn "HTTP/1.1 200 OK"
2026-06-29 21:03:36,925 INFO HTTP Request: GET https://www.tennisexplorer.com/search/?q=Fearnley "HTTP/1.1 200 OK"
2026-06-29 21:03:38,809 INFO HTTP Request: GET https://www.tennisexplorer.com/search/?q=Fery "HTTP/1.1 200 OK"
2026-06-29 21:03:40,698 INFO HTTP Request: GET https://www.tennisexplorer.com/search/?q=Flavio%20Cobolli "HTTP/1.1 200 OK"
2026-06-29 21:03:43,369 INFO HTTP Request: GET https://www.tennisexplorer.com/search/?q=Fucsovics "HTTP/1.1 200 OK"
2026-06-29 21:03:45,200 INFO HTTP Request: GET https://www.tennisexplorer.com/search/?q=Gaston "HTTP/1.1 200 OK"
2026-06-29 21:03:47,091 INFO HTTP Request: GET https://www.tennisexplorer.com/search/?q=Gaubas "HTTP/1.1 200 OK"
2026-06-29 21:03:48,921 INFO HTTP Request: GET https://www.tennisexplorer.com/search/?q=Gill "HTTP/1.1 200 OK"
2026-06-29 21:03:50,807 INFO HTTP Request: GET https://www.tennisexplorer.com/search/?q=Giron "HTTP/1.1 200 OK"
2026-06-29 21:03:52,654 INFO HTTP Request: GET https://www.tennisexplorer.com/search/?q=Griekspoor "HTTP/1.1 200 OK"
2026-06-29 21:03:54,511 INFO HTTP Request: GET https://www.tennisexplorer.com/search/?q=Halys "HTTP/1.1 200 OK"
2026-06-29 21:03:56,379 INFO HTTP Request: GET https://www.tennisexplorer.com/search/?q=Hanfmann "HTTP/1.1 200 OK"
2026-06-29 21:03:59,256 INFO HTTP Request: GET https://www.tennisexplorer.com/search/?q=Hijikata "HTTP/1.1 200 OK"
2026-06-29 21:04:02,699 INFO HTTP Request: GET https://www.tennisexplorer.com/search/?q=Hurkacz "HTTP/1.1 200 OK"
2026-06-29 21:04:05,860 INFO HTTP Request: GET https://www.tennisexplorer.com/search/?q=Ignacio%20Buse "HTTP/1.1 200 OK"
2026-06-29 21:04:08,675 INFO HTTP Request: GET https://www.tennisexplorer.com/search/?q=Jacquet "HTTP/1.1 200 OK"
2026-06-29 21:04:10,525 INFO HTTP Request: GET https://www.tennisexplorer.com/search/?q=Jakub%20Mensik "HTTP/1.1 200 OK"
2026-06-29 21:04:12,397 INFO HTTP Request: GET https://www.tennisexplorer.com/search/?q=Jannik%20Sinner "HTTP/1.1 200 OK"
2026-06-29 21:04:14,250 INFO HTTP Request: GET https://www.tennisexplorer.com/search/?q=Jaume%20Munar "HTTP/1.1 200 OK"
2026-06-29 21:04:17,179 INFO HTTP Request: GET https://www.tennisexplorer.com/search/?q=Jiri%20Lehecka "HTTP/1.1 200 OK"
2026-06-29 21:04:19,072 INFO HTTP Request: GET https://www.tennisexplorer.com/search/?q=Joao%20Fonseca "HTTP/1.1 200 OK"
2026-06-29 21:04:20,900 INFO HTTP Request: GET https://www.tennisexplorer.com/search/?q=Kamil%20Majchrzak "HTTP/1.1 200 OK"
2026-06-29 21:04:22,749 INFO HTTP Request: GET https://www.tennisexplorer.com/search/?q=Karen%20Khachanov "HTTP/1.1 200 OK"
2026-06-29 21:04:24,612 INFO HTTP Request: GET https://www.tennisexplorer.com/search/?q=Kokkinakis "HTTP/1.1 200 OK"
2026-06-29 21:04:27,435 INFO HTTP Request: GET https://www.tennisexplorer.com/search/?q=Kovacevic "HTTP/1.1 200 OK"
2026-06-29 21:04:29,274 INFO HTTP Request: GET https://www.tennisexplorer.com/search/?q=Kwon "HTTP/1.1 200 OK"
2026-06-29 21:04:31,115 INFO HTTP Request: GET https://www.tennisexplorer.com/search/?q=Kypson "HTTP/1.1 200 OK"
2026-06-29 21:04:32,974 INFO HTTP Request: GET https://www.tennisexplorer.com/search/?q=Landaluce "HTTP/1.1 200 OK"
2026-06-29 21:04:35,835 INFO HTTP Request: GET https://www.tennisexplorer.com/search/?q=Llamas%20Ruiz "HTTP/1.1 200 OK"
2026-06-29 21:04:37,710 INFO HTTP Request: GET https://www.tennisexplorer.com/search/?q=Luciano%20Darderi "HTTP/1.1 200 OK"
2026-06-29 21:04:39,591 INFO HTTP Request: GET https://www.tennisexplorer.com/search/?q=Mariano%20Navone "HTTP/1.1 200 OK"
2026-06-29 21:04:42,395 INFO HTTP Request: GET https://www.tennisexplorer.com/search/?q=Matteo%20Arnaldi "HTTP/1.1 200 OK"
2026-06-29 21:04:44,258 INFO HTTP Request: GET https://www.tennisexplorer.com/search/?q=McDonald "HTTP/1.1 200 OK"
2026-06-29 21:04:46,134 INFO HTTP Request: GET https://www.tennisexplorer.com/search/?q=Medjedovic "HTTP/1.1 200 OK"
2026-06-29 21:04:48,935 INFO HTTP Request: GET https://www.tennisexplorer.com/search/?q=Merida%20Aguilar "HTTP/1.1 200 OK"
2026-06-29 21:04:50,758 INFO HTTP Request: GET https://www.tennisexplorer.com/search/?q=Miomir%20Kecmanovic "HTTP/1.1 200 OK"
2026-06-29 21:04:53,504 INFO HTTP Request: GET https://www.tennisexplorer.com/search/?q=Molcan "HTTP/1.1 200 OK"
2026-06-29 21:04:55,337 INFO HTTP Request: GET https://www.tennisexplorer.com/search/?q=Mpetshi%20Perricard "HTTP/1.1 200 OK"
2026-06-29 21:04:57,188 INFO HTTP Request: GET https://www.tennisexplorer.com/search/?q=Muller "HTTP/1.1 200 OK"
2026-06-29 21:04:59,086 INFO HTTP Request: GET https://www.tennisexplorer.com/search/?q=Nava "HTTP/1.1 200 OK"
2026-06-29 21:05:02,325 INFO HTTP Request: GET https://www.tennisexplorer.com/search/?q=Nuno%20Borges "HTTP/1.1 200 OK"
2026-06-29 21:05:05,334 INFO HTTP Request: GET https://www.tennisexplorer.com/search/?q=Ofner "HTTP/1.1 200 OK"
2026-06-29 21:05:07,371 INFO HTTP Request: GET https://www.tennisexplorer.com/search/?q=Popyrin "HTTP/1.1 200 OK"
2026-06-29 21:05:09,379 INFO HTTP Request: GET https://www.tennisexplorer.com/search/?q=Prizmic "HTTP/1.1 200 OK"
2026-06-29 21:05:11,247 INFO HTTP Request: GET https://www.tennisexplorer.com/search/?q=Rafael%20Jodar "HTTP/1.1 200 OK"
2026-06-29 21:05:15,397 INFO HTTP Request: GET https://www.tennisexplorer.com/search/?q=Raphael%20Collignon "HTTP/1.1 200 OK"
2026-06-29 21:05:17,415 INFO HTTP Request: GET https://www.tennisexplorer.com/search/?q=Royer "HTTP/1.1 200 OK"
2026-06-29 21:05:19,449 INFO HTTP Request: GET https://www.tennisexplorer.com/search/?q=Safiullin "HTTP/1.1 200 OK"
2026-06-29 21:05:22,321 INFO HTTP Request: GET https://www.tennisexplorer.com/search/?q=Samuel "HTTP/1.1 200 OK"
2026-06-29 21:05:24,399 INFO HTTP Request: GET https://www.tennisexplorer.com/search/?q=Shevchenko "HTTP/1.1 200 OK"
2026-06-29 21:05:26,890 INFO HTTP Request: GET https://www.tennisexplorer.com/search/?q=Shimabukuro "HTTP/1.1 200 OK"
2026-06-29 21:05:28,737 INFO HTTP Request: GET https://www.tennisexplorer.com/search/?q=Sonego "HTTP/1.1 200 OK"
2026-06-29 21:05:30,580 INFO HTTP Request: GET https://www.tennisexplorer.com/search/?q=Struff "HTTP/1.1 200 OK"
2026-06-29 21:05:33,423 INFO HTTP Request: GET https://www.tennisexplorer.com/search/?q=Svrcina "HTTP/1.1 200 OK"
2026-06-29 21:05:35,287 INFO HTTP Request: GET https://www.tennisexplorer.com/search/?q=Sweeny "HTTP/1.1 200 OK"
2026-06-29 21:05:37,982 INFO HTTP Request: GET https://www.tennisexplorer.com/search/?q=Tarvet "HTTP/1.1 200 OK"
2026-06-29 21:05:39,807 INFO HTTP Request: GET https://www.tennisexplorer.com/search/?q=Taylor%20Fritz "HTTP/1.1 200 OK"
2026-06-29 21:05:41,635 INFO HTTP Request: GET https://www.tennisexplorer.com/search/?q=Tirante "HTTP/1.1 200 OK"
2026-06-29 21:05:44,430 INFO HTTP Request: GET https://www.tennisexplorer.com/search/?q=Tommy%20Paul "HTTP/1.1 200 OK"
2026-06-29 21:05:47,137 INFO HTTP Request: GET https://www.tennisexplorer.com/search/?q=Tsitsipas "HTTP/1.1 200 OK"
2026-06-29 21:05:49,022 INFO HTTP Request: GET https://www.tennisexplorer.com/search/?q=Ugo%20Carabelli "HTTP/1.1 200 OK"
2026-06-29 21:05:50,871 INFO HTTP Request: GET https://www.tennisexplorer.com/search/?q=Ugo%20Humbert "HTTP/1.1 200 OK"
2026-06-29 21:05:54,216 INFO HTTP Request: GET https://www.tennisexplorer.com/search/?q=Vallejo "HTTP/1.1 200 OK"
2026-06-29 21:05:57,121 INFO HTTP Request: GET https://www.tennisexplorer.com/search/?q=Van%20Assche "HTTP/1.1 200 OK"
2026-06-29 21:05:59,954 INFO HTTP Request: GET https://www.tennisexplorer.com/search/?q=Virtanen "HTTP/1.1 200 OK"
2026-06-29 21:06:01,809 INFO HTTP Request: GET https://www.tennisexplorer.com/search/?q=Vukic "HTTP/1.1 200 OK"
2026-06-29 21:06:03,668 INFO HTTP Request: GET https://www.tennisexplorer.com/search/?q=Walton "HTTP/1.1 200 OK"
2026-06-29 21:06:05,534 INFO HTTP Request: GET https://www.tennisexplorer.com/search/?q=Wawrinka "HTTP/1.1 200 OK"
2026-06-29 21:06:08,360 INFO HTTP Request: GET https://www.tennisexplorer.com/search/?q=Wu "HTTP/1.1 200 OK"
2026-06-29 21:06:10,315 INFO HTTP Request: GET https://www.tennisexplorer.com/search/?q=Zheng "HTTP/1.1 200 OK"
2026-06-29 21:06:12,309 INFO HTTP Request: GET https://www.tennisexplorer.com/search/?q=Zizou%20Bergs "HTTP/1.1 200 OK"
2026-06-29 21:06:13,426 INFO Ranking + form scrape complete: 0 success, 128 failed
2026-06-29 21:06:13,426 INFO OK ranking_form: 0 rows
2026-06-30 21:00:25,600 INFO OK rankings: 50 rows
2026-06-30 21:01:10,018 INFO OK elo_overall: 201 rows
2026-06-30 21:01:34,333 INFO OK elo_grass: 109 rows
2026-06-30 21:02:04,247 INFO OK form: 136 rows
2026-06-30 21:02:12,979 INFO OK draw: 32 rows
2026-06-30 21:02:13,131 INFO Scraping ranking + form for 128 players...
2026-06-30 21:02:15,535 INFO HTTP Request: GET https://www.tennisexplorer.com/search/?q=Adrian%20Mannarino "HTTP/1.1 200 OK"
2026-06-30 21:02:17,411 INFO HTTP Request: GET https://www.tennisexplorer.com/search/?q=Alejandro%20Tabilo "HTTP/1.1 200 OK"
2026-06-30 21:02:19,250 INFO HTTP Request: GET https://www.tennisexplorer.com/search/?q=Alex%20Michelsen "HTTP/1.1 200 OK"
2026-06-30 21:02:21,122 INFO HTTP Request: GET https://www.tennisexplorer.com/search/?q=Alexander%20Blockx "HTTP/1.1 200 OK"
2026-06-30 21:02:23,141 INFO HTTP Request: GET https://www.tennisexplorer.com/search/?q=Alexander%20Bublik "HTTP/1.1 200 OK"
2026-06-30 21:02:25,073 INFO HTTP Request: GET https://www.tennisexplorer.com/search/?q=Alexander%20Zverev "HTTP/1.1 200 OK"
2026-06-30 21:02:26,890 INFO HTTP Request: GET https://www.tennisexplorer.com/search/?q=Altmaier "HTTP/1.1 200 OK"
2026-06-30 21:02:28,910 INFO HTTP Request: GET https://www.tennisexplorer.com/search/?q=Andrey%20Rublev "HTTP/1.1 200 OK"
2026-06-30 21:02:30,880 INFO HTTP Request: GET https://www.tennisexplorer.com/search/?q=Arthur%20Fils "HTTP/1.1 200 OK"
2026-06-30 21:02:32,889 INFO HTTP Request: GET https://www.tennisexplorer.com/search/?q=Arthur%20Rinderknech "HTTP/1.1 200 OK"
2026-06-30 21:02:34,962 INFO HTTP Request: GET https://www.tennisexplorer.com/search/?q=Auger%20Aliassime "HTTP/1.1 200 OK"
2026-06-30 21:02:36,757 INFO HTTP Request: GET https://www.tennisexplorer.com/search/?q=Baez "HTTP/1.1 200 OK"
2026-06-30 21:02:38,580 INFO HTTP Request: GET https://www.tennisexplorer.com/search/?q=Basing "HTTP/1.1 200 OK"
2026-06-30 21:02:40,612 INFO HTTP Request: GET https://www.tennisexplorer.com/search/?q=Bautista-Agut "HTTP/1.1 200 OK"
2026-06-30 21:02:42,444 INFO HTTP Request: GET https://www.tennisexplorer.com/search/?q=Ben%20Shelton "HTTP/1.1 200 OK"
2026-06-30 21:02:44,240 INFO HTTP Request: GET https://www.tennisexplorer.com/search/?q=Berrettini "HTTP/1.1 200 OK"
2026-06-30 21:02:46,058 INFO HTTP Request: GET https://www.tennisexplorer.com/search/?q=Bonzi "HTTP/1.1 200 OK"
2026-06-30 21:02:49,164 INFO HTTP Request: GET https://www.tennisexplorer.com/search/?q=Boyer "HTTP/1.1 200 OK"
2026-06-30 21:02:51,163 INFO HTTP Request: GET https://www.tennisexplorer.com/search/?q=Brandon%20Nakashima "HTTP/1.1 200 OK"
2026-06-30 21:02:52,977 INFO HTTP Request: GET https://www.tennisexplorer.com/search/?q=Brooksby "HTTP/1.1 200 OK"
2026-06-30 21:02:54,767 INFO HTTP Request: GET https://www.tennisexplorer.com/search/?q=Burruchaga "HTTP/1.1 200 OK"
2026-06-30 21:02:56,580 INFO HTTP Request: GET https://www.tennisexplorer.com/search/?q=Cameron%20Norrie "HTTP/1.1 200 OK"
2026-06-30 21:02:58,433 INFO HTTP Request: GET https://www.tennisexplorer.com/search/?q=Carreno-Busta "HTTP/1.1 200 OK"
2026-06-30 21:03:00,446 INFO HTTP Request: GET https://www.tennisexplorer.com/search/?q=Casper%20Ruud "HTTP/1.1 200 OK"
2026-06-30 21:03:02,268 INFO HTTP Request: GET https://www.tennisexplorer.com/search/?q=Cerundolo "HTTP/1.1 200 OK"
2026-06-30 21:03:04,074 INFO HTTP Request: GET https://www.tennisexplorer.com/search/?q=Choinski "HTTP/1.1 200 OK"
2026-06-30 21:03:05,874 INFO HTTP Request: GET https://www.tennisexplorer.com/search/?q=Cilic "HTTP/1.1 200 OK"
2026-06-30 21:03:07,750 INFO HTTP Request: GET https://www.tennisexplorer.com/search/?q=Corentin%20Moutet "HTTP/1.1 200 OK"
2026-06-30 21:03:09,703 INFO HTTP Request: GET https://www.tennisexplorer.com/search/?q=Damm "HTTP/1.1 200 OK"
2026-06-30 21:03:11,596 INFO HTTP Request: GET https://www.tennisexplorer.com/search/?q=Daniil%20Medvedev "HTTP/1.1 200 OK"
2026-06-30 21:03:13,587 INFO HTTP Request: GET https://www.tennisexplorer.com/search/?q=Davidovich%20Fokina "HTTP/1.1 200 OK"
2026-06-30 21:03:15,558 INFO HTTP Request: GET https://www.tennisexplorer.com/search/?q=De%20Jong "HTTP/1.1 200 OK"
2026-06-30 21:03:17,392 INFO HTTP Request: GET https://www.tennisexplorer.com/search/?q=De%20Minaur "HTTP/1.1 200 OK"
2026-06-30 21:03:19,219 INFO HTTP Request: GET https://www.tennisexplorer.com/search/?q=Denis%20Shapovalov "HTTP/1.1 200 OK"
2026-06-30 21:03:21,232 INFO HTTP Request: GET https://www.tennisexplorer.com/search/?q=Diallo "HTTP/1.1 200 OK"
2026-06-30 21:03:23,267 INFO HTTP Request: GET https://www.tennisexplorer.com/search/?q=Dimitrov "HTTP/1.1 200 OK"
2026-06-30 21:03:25,249 INFO HTTP Request: GET https://www.tennisexplorer.com/search/?q=Droguet "HTTP/1.1 200 OK"
2026-06-30 21:03:27,024 INFO HTTP Request: GET https://www.tennisexplorer.com/search/?q=Duckworth "HTTP/1.1 200 OK"
2026-06-30 21:03:28,804 INFO HTTP Request: GET https://www.tennisexplorer.com/search/?q=Dusan%20Lajovic "HTTP/1.1 200 OK"
2026-06-30 21:03:30,620 INFO HTTP Request: GET https://www.tennisexplorer.com/search/?q=Dzumhur "HTTP/1.1 200 OK"
2026-06-30 21:03:32,423 INFO HTTP Request: GET https://www.tennisexplorer.com/search/?q=Ethan%20Quinn "HTTP/1.1 200 OK"
2026-06-30 21:03:34,215 INFO HTTP Request: GET https://www.tennisexplorer.com/search/?q=Faria "HTTP/1.1 200 OK"
2026-06-30 21:03:36,031 INFO HTTP Request: GET https://www.tennisexplorer.com/search/?q=Fearnley "HTTP/1.1 200 OK"
2026-06-30 21:03:37,812 INFO HTTP Request: GET https://www.tennisexplorer.com/search/?q=Fery "HTTP/1.1 200 OK"
2026-06-30 21:03:39,611 INFO HTTP Request: GET https://www.tennisexplorer.com/search/?q=Flavio%20Cobolli "HTTP/1.1 200 OK"
2026-06-30 21:03:41,605 INFO HTTP Request: GET https://www.tennisexplorer.com/search/?q=Frances%20Tiafoe "HTTP/1.1 200 OK"
2026-06-30 21:03:43,410 INFO HTTP Request: GET https://www.tennisexplorer.com/search/?q=Fucsovics "HTTP/1.1 200 OK"
2026-06-30 21:03:45,234 INFO HTTP Request: GET https://www.tennisexplorer.com/search/?q=Gaston "HTTP/1.1 200 OK"
2026-06-30 21:03:47,069 INFO HTTP Request: GET https://www.tennisexplorer.com/search/?q=Gaubas "HTTP/1.1 200 OK"
2026-06-30 21:03:48,981 INFO HTTP Request: GET https://www.tennisexplorer.com/search/?q=Gill "HTTP/1.1 200 OK"
2026-06-30 21:03:50,950 INFO HTTP Request: GET https://www.tennisexplorer.com/search/?q=Giron "HTTP/1.1 200 OK"
2026-06-30 21:03:54,124 INFO HTTP Request: GET https://www.tennisexplorer.com/search/?q=Griekspoor "HTTP/1.1 200 OK"
2026-06-30 21:03:56,108 INFO HTTP Request: GET https://www.tennisexplorer.com/search/?q=Halys "HTTP/1.1 200 OK"
2026-06-30 21:03:57,917 INFO HTTP Request: GET https://www.tennisexplorer.com/search/?q=Hanfmann "HTTP/1.1 200 OK"
2026-06-30 21:03:59,758 INFO HTTP Request: GET https://www.tennisexplorer.com/search/?q=Harris "HTTP/1.1 200 OK"
2026-06-30 21:04:01,564 INFO HTTP Request: GET https://www.tennisexplorer.com/search/?q=Hijikata "HTTP/1.1 200 OK"
2026-06-30 21:04:03,408 INFO HTTP Request: GET https://www.tennisexplorer.com/search/?q=Hurkacz "HTTP/1.1 200 OK"
2026-06-30 21:04:05,356 INFO HTTP Request: GET https://www.tennisexplorer.com/search/?q=Ignacio%20Buse "HTTP/1.1 200 OK"
2026-06-30 21:04:07,166 INFO HTTP Request: GET https://www.tennisexplorer.com/search/?q=Jacquet "HTTP/1.1 200 OK"
2026-06-30 21:04:09,031 INFO HTTP Request: GET https://www.tennisexplorer.com/search/?q=Jakub%20Mensik "HTTP/1.1 200 OK"
2026-06-30 21:04:11,383 INFO HTTP Request: GET https://www.tennisexplorer.com/search/?q=Jannik%20Sinner "HTTP/1.1 200 OK"
2026-06-30 21:04:14,318 INFO HTTP Request: GET https://www.tennisexplorer.com/search/?q=Jaume%20Munar "HTTP/1.1 200 OK"
2026-06-30 21:04:16,105 INFO HTTP Request: GET https://www.tennisexplorer.com/search/?q=Jiri%20Lehecka "HTTP/1.1 200 OK"
2026-06-30 21:04:17,966 INFO HTTP Request: GET https://www.tennisexplorer.com/search/?q=Joao%20Fonseca "HTTP/1.1 200 OK"
2026-06-30 21:04:19,778 INFO HTTP Request: GET https://www.tennisexplorer.com/search/?q=Kamil%20Majchrzak "HTTP/1.1 200 OK"
2026-06-30 21:04:21,580 INFO HTTP Request: GET https://www.tennisexplorer.com/search/?q=Karen%20Khachanov "HTTP/1.1 200 OK"
2026-06-30 21:04:23,465 INFO HTTP Request: GET https://www.tennisexplorer.com/search/?q=Kokkinakis "HTTP/1.1 200 OK"
2026-06-30 21:04:25,493 INFO HTTP Request: GET https://www.tennisexplorer.com/search/?q=Kopriva "HTTP/1.1 200 OK"
2026-06-30 21:04:27,518 INFO HTTP Request: GET https://www.tennisexplorer.com/search/?q=Kovacevic "HTTP/1.1 200 OK"
2026-06-30 21:04:29,391 INFO HTTP Request: GET https://www.tennisexplorer.com/search/?q=Kwon "HTTP/1.1 200 OK"
2026-06-30 21:04:31,261 INFO HTTP Request: GET https://www.tennisexplorer.com/search/?q=Kypson "HTTP/1.1 200 OK"
2026-06-30 21:04:33,069 INFO HTTP Request: GET https://www.tennisexplorer.com/search/?q=Landaluce "HTTP/1.1 200 OK"
2026-06-30 21:04:34,903 INFO HTTP Request: GET https://www.tennisexplorer.com/search/?q=Learner%20Tien "HTTP/1.1 200 OK"
2026-06-30 21:04:36,777 INFO HTTP Request: GET https://www.tennisexplorer.com/search/?q=Llamas%20Ruiz "HTTP/1.1 200 OK"
2026-06-30 21:04:38,618 INFO HTTP Request: GET https://www.tennisexplorer.com/search/?q=Luciano%20Darderi "HTTP/1.1 200 OK"
2026-06-30 21:04:40,469 INFO HTTP Request: GET https://www.tennisexplorer.com/search/?q=Mariano%20Navone "HTTP/1.1 200 OK"
2026-06-30 21:04:42,332 INFO HTTP Request: GET https://www.tennisexplorer.com/search/?q=Marozsan "HTTP/1.1 200 OK"
2026-06-30 21:04:44,123 INFO HTTP Request: GET https://www.tennisexplorer.com/search/?q=Matteo%20Arnaldi "HTTP/1.1 200 OK"
2026-06-30 21:04:45,938 INFO HTTP Request: GET https://www.tennisexplorer.com/search/?q=McDonald "HTTP/1.1 200 OK"
2026-06-30 21:04:47,786 INFO HTTP Request: GET https://www.tennisexplorer.com/search/?q=Medjedovic "HTTP/1.1 200 OK"
2026-06-30 21:04:49,621 INFO HTTP Request: GET https://www.tennisexplorer.com/search/?q=Mejia "HTTP/1.1 200 OK"
2026-06-30 21:04:51,514 INFO HTTP Request: GET https://www.tennisexplorer.com/search/?q=Merida%20Aguilar "HTTP/1.1 200 OK"
2026-06-30 21:04:55,368 INFO HTTP Request: GET https://www.tennisexplorer.com/search/?q=Miomir%20Kecmanovic "HTTP/1.1 200 OK"
2026-06-30 21:04:57,161 INFO HTTP Request: GET https://www.tennisexplorer.com/search/?q=Mochizuki "HTTP/1.1 200 OK"
2026-06-30 21:04:58,977 INFO HTTP Request: GET https://www.tennisexplorer.com/search/?q=Molcan "HTTP/1.1 200 OK"
2026-06-30 21:05:00,840 INFO HTTP Request: GET https://www.tennisexplorer.com/search/?q=Mpetshi%20Perricard "HTTP/1.1 200 OK"
2026-06-30 21:05:02,640 INFO HTTP Request: GET https://www.tennisexplorer.com/search/?q=Muller "HTTP/1.1 200 OK"
2026-06-30 21:05:04,470 INFO HTTP Request: GET https://www.tennisexplorer.com/search/?q=Nava "HTTP/1.1 200 OK"
2026-06-30 21:05:06,275 INFO HTTP Request: GET https://www.tennisexplorer.com/search/?q=Novak%20Djokovic "HTTP/1.1 200 OK"
2026-06-30 21:05:08,167 INFO HTTP Request: GET https://www.tennisexplorer.com/search/?q=Nuno%20Borges "HTTP/1.1 200 OK"
2026-06-30 21:05:10,186 INFO HTTP Request: GET https://www.tennisexplorer.com/search/?q=Ofner "HTTP/1.1 200 OK"
2026-06-30 21:05:13,053 INFO HTTP Request: GET https://www.tennisexplorer.com/search/?q=Popyrin "HTTP/1.1 200 OK"
2026-06-30 21:05:14,864 INFO HTTP Request: GET https://www.tennisexplorer.com/search/?q=Prizmic "HTTP/1.1 200 OK"
2026-06-30 21:05:16,713 INFO HTTP Request: GET https://www.tennisexplorer.com/search/?q=Rafael%20Jodar "HTTP/1.1 200 OK"
2026-06-30 21:05:19,503 INFO HTTP Request: GET https://www.tennisexplorer.com/search/?q=Royer "HTTP/1.1 200 OK"
2026-06-30 21:05:21,329 INFO HTTP Request: GET https://www.tennisexplorer.com/search/?q=Safiullin "HTTP/1.1 200 OK"
2026-06-30 21:05:23,181 INFO HTTP Request: GET https://www.tennisexplorer.com/search/?q=Samuel "HTTP/1.1 200 OK"
2026-06-30 21:05:25,000 INFO HTTP Request: GET https://www.tennisexplorer.com/search/?q=Shevchenko "HTTP/1.1 200 OK"
2026-06-30 21:05:26,966 INFO HTTP Request: GET https://www.tennisexplorer.com/search/?q=Shimabukuro "HTTP/1.1 200 OK"
2026-06-30 21:05:28,775 INFO HTTP Request: GET https://www.tennisexplorer.com/search/?q=Sonego "HTTP/1.1 200 OK"
2026-06-30 21:05:30,595 INFO HTTP Request: GET https://www.tennisexplorer.com/search/?q=Struff "HTTP/1.1 200 OK"
2026-06-30 21:05:33,387 INFO HTTP Request: GET https://www.tennisexplorer.com/search/?q=Svrcina "HTTP/1.1 200 OK"
2026-06-30 21:05:35,223 INFO HTTP Request: GET https://www.tennisexplorer.com/search/?q=Sweeny "HTTP/1.1 200 OK"
2026-06-30 21:05:37,075 INFO HTTP Request: GET https://www.tennisexplorer.com/search/?q=Tarvet "HTTP/1.1 200 OK"
2026-06-30 21:05:38,876 INFO HTTP Request: GET https://www.tennisexplorer.com/search/?q=Taylor%20Fritz "HTTP/1.1 200 OK"
2026-06-30 21:05:40,745 INFO HTTP Request: GET https://www.tennisexplorer.com/search/?q=Tirante "HTTP/1.1 200 OK"
2026-06-30 21:05:42,600 INFO HTTP Request: GET https://www.tennisexplorer.com/search/?q=Tomas%20Martin%20Etcheverry "HTTP/1.1 200 OK"
2026-06-30 21:05:44,406 INFO HTTP Request: GET https://www.tennisexplorer.com/search/?q=Tommy%20Paul "HTTP/1.1 200 OK"
2026-06-30 21:05:46,186 INFO HTTP Request: GET https://www.tennisexplorer.com/search/?q=Trungelliti "HTTP/1.1 200 OK"
2026-06-30 21:05:48,059 INFO HTTP Request: GET https://www.tennisexplorer.com/search/?q=Tsitsipas "HTTP/1.1 200 OK"
2026-06-30 21:05:49,910 INFO HTTP Request: GET https://www.tennisexplorer.com/search/?q=Ugo%20Carabelli "HTTP/1.1 200 OK"
2026-06-30 21:05:51,926 INFO HTTP Request: GET https://www.tennisexplorer.com/search/?q=Ugo%20Humbert "HTTP/1.1 200 OK"
2026-06-30 21:05:53,794 INFO HTTP Request: GET https://www.tennisexplorer.com/search/?q=Vallejo "HTTP/1.1 200 OK"
2026-06-30 21:05:55,592 INFO HTTP Request: GET https://www.tennisexplorer.com/search/?q=Van%20Assche "HTTP/1.1 200 OK"
2026-06-30 21:05:57,442 INFO HTTP Request: GET https://www.tennisexplorer.com/search/?q=Van%20De%20Zandschulp "HTTP/1.1 200 OK"
2026-06-30 21:05:59,273 INFO HTTP Request: GET https://www.tennisexplorer.com/search/?q=Virtanen "HTTP/1.1 200 OK"
2026-06-30 21:06:01,244 INFO HTTP Request: GET https://www.tennisexplorer.com/search/?q=Vukic "HTTP/1.1 200 OK"
2026-06-30 21:06:03,053 INFO HTTP Request: GET https://www.tennisexplorer.com/search/?q=Walton "HTTP/1.1 200 OK"
2026-06-30 21:06:04,932 INFO HTTP Request: GET https://www.tennisexplorer.com/search/?q=Wawrinka "HTTP/1.1 200 OK"
2026-06-30 21:06:07,868 INFO HTTP Request: GET https://www.tennisexplorer.com/search/?q=Wu "HTTP/1.1 200 OK"
2026-06-30 21:06:09,732 INFO HTTP Request: GET https://www.tennisexplorer.com/search/?q=Zheng "HTTP/1.1 200 OK"
2026-06-30 21:06:11,626 INFO HTTP Request: GET https://www.tennisexplorer.com/search/?q=Zizou%20Bergs "HTTP/1.1 200 OK"
2026-06-30 21:06:12,264 INFO Ranking + form scrape complete: 0 success, 128 failed
2026-06-30 21:06:12,264 INFO OK ranking_form: 0 rows
2026-07-01 21:00:24,379 INFO OK rankings: 50 rows
2026-07-01 21:01:09,861 INFO OK elo_overall: 201 rows
2026-07-01 21:01:35,541 INFO OK elo_grass: 109 rows
2026-07-01 21:02:05,337 INFO OK form: 136 rows
2026-07-01 21:02:11,899 INFO OK draw: 24 rows
2026-07-01 21:02:12,046 INFO Scraping ranking + form for 128 players...
2026-07-01 21:02:13,268 INFO HTTP Request: GET https://www.tennisexplorer.com/search/?q=Adrian%20Mannarino "HTTP/1.1 200 OK"
2026-07-01 21:02:15,015 INFO HTTP Request: GET https://www.tennisexplorer.com/search/?q=Alejandro%20Tabilo "HTTP/1.1 200 OK"
2026-07-01 21:02:16,808 INFO HTTP Request: GET https://www.tennisexplorer.com/search/?q=Alex%20Michelsen "HTTP/1.1 200 OK"
2026-07-01 21:02:18,577 INFO HTTP Request: GET https://www.tennisexplorer.com/search/?q=Alexander%20Blockx "HTTP/1.1 200 OK"
2026-07-01 21:02:20,390 INFO HTTP Request: GET https://www.tennisexplorer.com/search/?q=Alexander%20Bublik "HTTP/1.1 200 OK"
2026-07-01 21:02:22,082 INFO HTTP Request: GET https://www.tennisexplorer.com/search/?q=Alexander%20Zverev "HTTP/1.1 200 OK"
2026-07-01 21:02:23,876 INFO HTTP Request: GET https://www.tennisexplorer.com/search/?q=Altmaier "HTTP/1.1 200 OK"
2026-07-01 21:02:24,942 INFO HTTP Request: GET https://www.tennisexplorer.com/search/?q=Andrey%20Rublev "HTTP/1.1 200 OK"
2026-07-01 21:02:26,743 INFO HTTP Request: GET https://www.tennisexplorer.com/search/?q=Arthur%20Fils "HTTP/1.1 200 OK"
2026-07-01 21:02:28,541 INFO HTTP Request: GET https://www.tennisexplorer.com/search/?q=Arthur%20Rinderknech "HTTP/1.1 200 OK"
2026-07-01 21:02:30,327 INFO HTTP Request: GET https://www.tennisexplorer.com/search/?q=Atmane "HTTP/1.1 200 OK"
2026-07-01 21:02:32,122 INFO HTTP Request: GET https://www.tennisexplorer.com/search/?q=Auger%20Aliassime "HTTP/1.1 200 OK"
2026-07-01 21:02:33,920 INFO HTTP Request: GET https://www.tennisexplorer.com/search/?q=Baez "HTTP/1.1 200 OK"
2026-07-01 21:02:35,739 INFO HTTP Request: GET https://www.tennisexplorer.com/search/?q=Basing "HTTP/1.1 200 OK"
2026-07-01 21:02:37,313 INFO HTTP Request: GET https://www.tennisexplorer.com/search/?q=Bautista-Agut "HTTP/1.1 200 OK"
2026-07-01 21:02:39,082 INFO HTTP Request: GET https://www.tennisexplorer.com/search/?q=Ben%20Shelton "HTTP/1.1 200 OK"
2026-07-01 21:02:40,861 INFO HTTP Request: GET https://www.tennisexplorer.com/search/?q=Berrettini "HTTP/1.1 200 OK"
2026-07-01 21:02:42,673 INFO HTTP Request: GET https://www.tennisexplorer.com/search/?q=Bonzi "HTTP/1.1 200 OK"
2026-07-01 21:02:44,510 INFO HTTP Request: GET https://www.tennisexplorer.com/search/?q=Boyer "HTTP/1.1 200 OK"
2026-07-01 21:02:46,545 INFO HTTP Request: GET https://www.tennisexplorer.com/search/?q=Brandon%20Nakashima "HTTP/1.1 200 OK"
2026-07-01 21:02:48,343 INFO HTTP Request: GET https://www.tennisexplorer.com/search/?q=Brooksby "HTTP/1.1 200 OK"
2026-07-01 21:02:50,135 INFO HTTP Request: GET https://www.tennisexplorer.com/search/?q=Burruchaga "HTTP/1.1 200 OK"
2026-07-01 21:02:52,004 INFO HTTP Request: GET https://www.tennisexplorer.com/search/?q=Cameron%20Norrie "HTTP/1.1 200 OK"
2026-07-01 21:02:53,856 INFO HTTP Request: GET https://www.tennisexplorer.com/search/?q=Carreno-Busta "HTTP/1.1 200 OK"
2026-07-01 21:02:55,650 INFO HTTP Request: GET https://www.tennisexplorer.com/search/?q=Casper%20Ruud "HTTP/1.1 200 OK"
2026-07-01 21:02:58,463 INFO HTTP Request: GET https://www.tennisexplorer.com/search/?q=Choinski "HTTP/1.1 200 OK"
2026-07-01 21:03:00,254 INFO HTTP Request: GET https://www.tennisexplorer.com/search/?q=Cilic "HTTP/1.1 200 OK"
2026-07-01 21:03:02,123 INFO HTTP Request: GET https://www.tennisexplorer.com/search/?q=Corentin%20Moutet "HTTP/1.1 200 OK"
2026-07-01 21:03:03,915 INFO HTTP Request: GET https://www.tennisexplorer.com/search/?q=Damm "HTTP/1.1 200 OK"
2026-07-01 21:03:05,515 INFO HTTP Request: GET https://www.tennisexplorer.com/search/?q=Daniil%20Medvedev "HTTP/1.1 200 OK"
2026-07-01 21:03:06,862 INFO HTTP Request: GET https://www.tennisexplorer.com/search/?q=Davidovich%20Fokina "HTTP/1.1 200 OK"
2026-07-01 21:03:08,612 INFO HTTP Request: GET https://www.tennisexplorer.com/search/?q=De%20Jong "HTTP/1.1 200 OK"
2026-07-01 21:03:10,422 INFO HTTP Request: GET https://www.tennisexplorer.com/search/?q=De%20Minaur "HTTP/1.1 200 OK"
2026-07-01 21:03:12,225 INFO HTTP Request: GET https://www.tennisexplorer.com/search/?q=Denis%20Shapovalov "HTTP/1.1 200 OK"
2026-07-01 21:03:13,848 INFO HTTP Request: GET https://www.tennisexplorer.com/search/?q=Diallo "HTTP/1.1 200 OK"
2026-07-01 21:03:15,943 INFO HTTP Request: GET https://www.tennisexplorer.com/search/?q=Dimitrov "HTTP/1.1 200 OK"
2026-07-01 21:03:17,716 INFO HTTP Request: GET https://www.tennisexplorer.com/search/?q=Draper "HTTP/1.1 200 OK"
2026-07-01 21:03:19,497 INFO HTTP Request: GET https://www.tennisexplorer.com/search/?q=Droguet "HTTP/1.1 200 OK"
2026-07-01 21:03:21,298 INFO HTTP Request: GET https://www.tennisexplorer.com/search/?q=Duckworth "HTTP/1.1 200 OK"
2026-07-01 21:03:23,082 INFO HTTP Request: GET https://www.tennisexplorer.com/search/?q=Dusan%20Lajovic "HTTP/1.1 200 OK"
2026-07-01 21:03:24,724 INFO HTTP Request: GET https://www.tennisexplorer.com/search/?q=Dzumhur "HTTP/1.1 200 OK"
2026-07-01 21:03:25,824 INFO HTTP Request: GET https://www.tennisexplorer.com/search/?q=Ethan%20Quinn "HTTP/1.1 200 OK"
2026-07-01 21:03:27,448 INFO HTTP Request: GET https://www.tennisexplorer.com/search/?q=Faria "HTTP/1.1 200 OK"
2026-07-01 21:03:29,484 INFO HTTP Request: GET https://www.tennisexplorer.com/search/?q=Fearnley "HTTP/1.1 200 OK"
2026-07-01 21:03:31,328 INFO HTTP Request: GET https://www.tennisexplorer.com/search/?q=Fery "HTTP/1.1 200 OK"
2026-07-01 21:03:33,239 INFO HTTP Request: GET https://www.tennisexplorer.com/search/?q=Flavio%20Cobolli "HTTP/1.1 200 OK"
2026-07-01 21:03:35,107 INFO HTTP Request: GET https://www.tennisexplorer.com/search/?q=Frances%20Tiafoe "HTTP/1.1 200 OK"
2026-07-01 21:03:36,879 INFO HTTP Request: GET https://www.tennisexplorer.com/search/?q=Fucsovics "HTTP/1.1 200 OK"
2026-07-01 21:03:38,660 INFO HTTP Request: GET https://www.tennisexplorer.com/search/?q=Gaston "HTTP/1.1 200 OK"
2026-07-01 21:03:40,592 INFO HTTP Request: GET https://www.tennisexplorer.com/search/?q=Gaubas "HTTP/1.1 200 OK"
2026-07-01 21:03:42,382 INFO HTTP Request: GET https://www.tennisexplorer.com/search/?q=Gill "HTTP/1.1 200 OK"
2026-07-01 21:03:44,155 INFO HTTP Request: GET https://www.tennisexplorer.com/search/?q=Giron "HTTP/1.1 200 OK"
2026-07-01 21:03:45,939 INFO HTTP Request: GET https://www.tennisexplorer.com/search/?q=Griekspoor "HTTP/1.1 200 OK"
2026-07-01 21:03:47,870 INFO HTTP Request: GET https://www.tennisexplorer.com/search/?q=Halys "HTTP/1.1 200 OK"
2026-07-01 21:03:49,695 INFO HTTP Request: GET https://www.tennisexplorer.com/search/?q=Hanfmann "HTTP/1.1 200 OK"
2026-07-01 21:03:51,685 INFO HTTP Request: GET https://www.tennisexplorer.com/search/?q=Harris "HTTP/1.1 200 OK"
2026-07-01 21:03:53,718 INFO HTTP Request: GET https://www.tennisexplorer.com/search/?q=Hijikata "HTTP/1.1 200 OK"
2026-07-01 21:03:55,516 INFO HTTP Request: GET https://www.tennisexplorer.com/search/?q=Hurkacz "HTTP/1.1 200 OK"
2026-07-01 21:03:57,398 INFO HTTP Request: GET https://www.tennisexplorer.com/search/?q=Ignacio%20Buse "HTTP/1.1 200 OK"
2026-07-01 21:03:59,241 INFO HTTP Request: GET https://www.tennisexplorer.com/search/?q=Jacquet "HTTP/1.1 200 OK"
2026-07-01 21:04:02,115 INFO HTTP Request: GET https://www.tennisexplorer.com/search/?q=Jannik%20Sinner "HTTP/1.1 200 OK"
2026-07-01 21:04:03,923 INFO HTTP Request: GET https://www.tennisexplorer.com/search/?q=Jaume%20Munar "HTTP/1.1 200 OK"
2026-07-01 21:04:05,745 INFO HTTP Request: GET https://www.tennisexplorer.com/search/?q=Jiri%20Lehecka "HTTP/1.1 200 OK"
2026-07-01 21:04:07,441 INFO HTTP Request: GET https://www.tennisexplorer.com/search/?q=Joao%20Fonseca "HTTP/1.1 200 OK"
2026-07-01 21:04:09,255 INFO HTTP Request: GET https://www.tennisexplorer.com/search/?q=Kamil%20Majchrzak "HTTP/1.1 200 OK"
2026-07-01 21:04:11,060 INFO HTTP Request: GET https://www.tennisexplorer.com/search/?q=Karen%20Khachanov "HTTP/1.1 200 OK"
2026-07-01 21:04:12,868 INFO HTTP Request: GET https://www.tennisexplorer.com/search/?q=Kokkinakis "HTTP/1.1 200 OK"
2026-07-01 21:04:14,244 INFO HTTP Request: GET https://www.tennisexplorer.com/search/?q=Kopriva "HTTP/1.1 200 OK"
2026-07-01 21:04:16,062 INFO HTTP Request: GET https://www.tennisexplorer.com/search/?q=Kovacevic "HTTP/1.1 200 OK"
2026-07-01 21:04:18,899 INFO HTTP Request: GET https://www.tennisexplorer.com/search/?q=Kypson "HTTP/1.1 200 OK"
2026-07-01 21:04:26,943 INFO HTTP Request: GET https://www.tennisexplorer.com/search/?q=Learner%20Tien "HTTP/1.1 200 OK"
2026-07-01 21:04:31,420 INFO HTTP Request: GET https://www.tennisexplorer.com/search/?q=Llamas%20Ruiz "HTTP/1.1 200 OK"
2026-07-01 21:04:36,119 INFO HTTP Request: GET https://www.tennisexplorer.com/search/?q=Luciano%20Darderi "HTTP/1.1 200 OK"
2026-07-01 21:04:38,002 INFO HTTP Request: GET https://www.tennisexplorer.com/search/?q=Mariano%20Navone "HTTP/1.1 200 OK"
2026-07-01 21:04:39,920 INFO HTTP Request: GET https://www.tennisexplorer.com/search/?q=Marozsan "HTTP/1.1 200 OK"
2026-07-01 21:04:43,487 INFO HTTP Request: GET https://www.tennisexplorer.com/search/?q=McDonald "HTTP/1.1 200 OK"
2026-07-01 21:04:46,646 INFO HTTP Request: GET https://www.tennisexplorer.com/search/?q=Medjedovic "HTTP/1.1 200 OK"
2026-07-01 21:04:48,515 INFO HTTP Request: GET https://www.tennisexplorer.com/search/?q=Mejia "HTTP/1.1 200 OK"
2026-07-01 21:04:50,340 INFO HTTP Request: GET https://www.tennisexplorer.com/search/?q=Merida%20Aguilar "HTTP/1.1 200 OK"
2026-07-01 21:04:52,196 INFO HTTP Request: GET https://www.tennisexplorer.com/search/?q=Miomir%20Kecmanovic "HTTP/1.1 200 OK"
2026-07-01 21:04:53,668 INFO HTTP Request: GET https://www.tennisexplorer.com/search/?q=Mochizuki "HTTP/1.1 200 OK"
2026-07-01 21:04:55,480 INFO HTTP Request: GET https://www.tennisexplorer.com/search/?q=Molcan "HTTP/1.1 200 OK"
2026-07-01 21:04:57,356 INFO HTTP Request: GET https://www.tennisexplorer.com/search/?q=Mpetshi%20Perricard "HTTP/1.1 200 OK"
2026-07-01 21:04:59,160 INFO HTTP Request: GET https://www.tennisexplorer.com/search/?q=Muller "HTTP/1.1 200 OK"
2026-07-01 21:05:00,998 INFO HTTP Request: GET https://www.tennisexplorer.com/search/?q=Nava "HTTP/1.1 200 OK"
2026-07-01 21:05:02,858 INFO HTTP Request: GET https://www.tennisexplorer.com/search/?q=Novak%20Djokovic "HTTP/1.1 200 OK"
2026-07-01 21:05:04,660 INFO HTTP Request: GET https://www.tennisexplorer.com/search/?q=Nuno%20Borges "HTTP/1.1 200 OK"
2026-07-01 21:05:06,696 INFO HTTP Request: GET https://www.tennisexplorer.com/search/?q=Ofner "HTTP/1.1 200 OK"
2026-07-01 21:05:08,674 INFO HTTP Request: GET https://www.tennisexplorer.com/search/?q=Pinnington%20Jones "HTTP/1.1 200 OK"
2026-07-01 21:05:10,685 INFO HTTP Request: GET https://www.tennisexplorer.com/search/?q=Popyrin "HTTP/1.1 200 OK"
2026-07-01 21:05:11,930 INFO HTTP Request: GET https://www.tennisexplorer.com/search/?q=Prizmic "HTTP/1.1 200 OK"
2026-07-01 21:05:13,938 INFO HTTP Request: GET https://www.tennisexplorer.com/search/?q=Rafael%20Jodar "HTTP/1.1 200 OK"
2026-07-01 21:05:16,868 INFO HTTP Request: GET https://www.tennisexplorer.com/search/?q=Royer "HTTP/1.1 200 OK"
2026-07-01 21:05:18,669 INFO HTTP Request: GET https://www.tennisexplorer.com/search/?q=Safiullin "HTTP/1.1 200 OK"
2026-07-01 21:05:20,481 INFO HTTP Request: GET https://www.tennisexplorer.com/search/?q=Samuel "HTTP/1.1 200 OK"
2026-07-01 21:05:22,334 INFO HTTP Request: GET https://www.tennisexplorer.com/search/?q=Shevchenko "HTTP/1.1 200 OK"
2026-07-01 21:05:24,203 INFO HTTP Request: GET https://www.tennisexplorer.com/search/?q=Shimabukuro "HTTP/1.1 200 OK"
2026-07-01 21:05:26,037 INFO HTTP Request: GET https://www.tennisexplorer.com/search/?q=Sonego "HTTP/1.1 200 OK"
2026-07-01 21:05:27,153 INFO HTTP Request: GET https://www.tennisexplorer.com/search/?q=Struff "HTTP/1.1 200 OK"
2026-07-01 21:05:28,971 INFO HTTP Request: GET https://www.tennisexplorer.com/search/?q=Svajda "HTTP/1.1 200 OK"
2026-07-01 21:05:30,782 INFO HTTP Request: GET https://www.tennisexplorer.com/search/?q=Svrcina "HTTP/1.1 200 OK"
2026-07-01 21:05:32,707 INFO HTTP Request: GET https://www.tennisexplorer.com/search/?q=Sweeny "HTTP/1.1 200 OK"
2026-07-01 21:05:34,897 INFO HTTP Request: GET https://www.tennisexplorer.com/search/?q=Taylor%20Fritz "HTTP/1.1 200 OK"
2026-07-01 21:05:36,800 INFO HTTP Request: GET https://www.tennisexplorer.com/search/?q=Tirante "HTTP/1.1 200 OK"
2026-07-01 21:05:38,588 INFO HTTP Request: GET https://www.tennisexplorer.com/search/?q=Tomas%20Martin%20Etcheverry "HTTP/1.1 200 OK"
2026-07-01 21:05:40,420 INFO HTTP Request: GET https://www.tennisexplorer.com/search/?q=Tommy%20Paul "HTTP/1.1 200 OK"
2026-07-01 21:05:42,243 INFO HTTP Request: GET https://www.tennisexplorer.com/search/?q=Trungelliti "HTTP/1.1 200 OK"
2026-07-01 21:05:43,660 INFO HTTP Request: GET https://www.tennisexplorer.com/search/?q=Tsitsipas "HTTP/1.1 200 OK"
2026-07-01 21:05:45,466 INFO HTTP Request: GET https://www.tennisexplorer.com/search/?q=Ugo%20Carabelli "HTTP/1.1 200 OK"
2026-07-01 21:05:47,085 INFO HTTP Request: GET https://www.tennisexplorer.com/search/?q=Ugo%20Humbert "HTTP/1.1 200 OK"
2026-07-01 21:05:48,958 INFO HTTP Request: GET https://www.tennisexplorer.com/search/?q=Vallejo "HTTP/1.1 200 OK"
2026-07-01 21:05:51,857 INFO HTTP Request: GET https://www.tennisexplorer.com/search/?q=Van%20De%20Zandschulp "HTTP/1.1 200 OK"
2026-07-01 21:05:53,704 INFO HTTP Request: GET https://www.tennisexplorer.com/search/?q=Virtanen "HTTP/1.1 200 OK"
2026-07-01 21:05:55,506 INFO HTTP Request: GET https://www.tennisexplorer.com/search/?q=Vukic "HTTP/1.1 200 OK"
2026-07-01 21:05:57,341 INFO HTTP Request: GET https://www.tennisexplorer.com/search/?q=Walton "HTTP/1.1 200 OK"
2026-07-01 21:05:59,170 INFO HTTP Request: GET https://www.tennisexplorer.com/search/?q=Wawrinka "HTTP/1.1 200 OK"
2026-07-01 21:06:01,007 INFO HTTP Request: GET https://www.tennisexplorer.com/search/?q=Wendelken "HTTP/1.1 200 OK"
2026-07-01 21:06:02,057 INFO HTTP Request: GET https://www.tennisexplorer.com/search/?q=Wu "HTTP/1.1 200 OK"
2026-07-01 21:06:03,858 INFO HTTP Request: GET https://www.tennisexplorer.com/search/?q=Zheng "HTTP/1.1 200 OK"
2026-07-01 21:06:05,683 INFO HTTP Request: GET https://www.tennisexplorer.com/search/?q=Zizou%20Bergs "HTTP/1.1 200 OK"
2026-07-01 21:06:06,253 INFO Ranking + form scrape complete: 0 success, 128 failed
2026-07-01 21:06:06,253 INFO OK ranking_form: 0 rows
